Log file open, 04/26/17 21:03:06
LogInit:Display: Running engine for game: Transfusion_0_1
LogPlatformFile: Not using cached read wrapper
LogInit:Display: RandInit(-1980748663) SRandInit(-1980748662).
LogTaskGraph: Started task graph with 5 named threads and 8 total threads with 1 sets of task threads.
LogStats: Stats thread started at 0.079861
LogPluginManager: Loaded Plugin Paper2D, From C:/Program Files/Epic Games/UE_4.14/Engine/Plugins/2D/Paper2D/Paper2D.uplugin
LogPluginManager: Loaded Plugin LightPropagationVolume, From C:/Program Files/Epic Games/UE_4.14/Engine/Plugins/Blendables/LightPropagationVolume/LightPropagationVolume.uplugin
LogPluginManager: Loaded Plugin BlankPlugin, From C:/Program Files/Epic Games/UE_4.14/Engine/Plugins/Developer/BlankPlugin/BlankPlugin.uplugin
LogPluginManager: Loaded Plugin CodeLiteSourceCodeAccess, From C:/Program Files/Epic Games/UE_4.14/Engine/Plugins/Developer/CodeLiteSourceCodeAccess/CodeLiteSourceCodeAccess.uplugin
LogPluginManager: Loaded Plugin GitSourceControl, From C:/Program Files/Epic Games/UE_4.14/Engine/Plugins/Developer/GitSourceControl/GitSourceControl.uplugin
LogPluginManager: Loaded Plugin KDevelopSourceCodeAccess, From C:/Program Files/Epic Games/UE_4.14/Engine/Plugins/Developer/KDevelopSourceCodeAccess/KDevelopSourceCodeAccess.uplugin
LogPluginManager: Loaded Plugin NullSourceCodeAccess, From C:/Program Files/Epic Games/UE_4.14/Engine/Plugins/Developer/NullSourceCodeAccess/NullSourceCodeAccess.uplugin
LogPluginManager: Loaded Plugin OneSkyLocalizationService, From C:/Program Files/Epic Games/UE_4.14/Engine/Plugins/Developer/OneSkyLocalizationService/OneSkyLocalizationService.uplugin
LogPluginManager: Loaded Plugin PerforceSourceControl, From C:/Program Files/Epic Games/UE_4.14/Engine/Plugins/Developer/PerforceSourceControl/PerforceSourceControl.uplugin
LogPluginManager: Loaded Plugin SubversionSourceControl, From C:/Program Files/Epic Games/UE_4.14/Engine/Plugins/Developer/SubversionSourceControl/SubversionSourceControl.uplugin
LogPluginManager: Loaded Plugin UObjectPlugin, From C:/Program Files/Epic Games/UE_4.14/Engine/Plugins/Developer/UObjectPlugin/UObjectPlugin.uplugin
LogPluginManager: Loaded Plugin VisualStudioSourceCodeAccess, From C:/Program Files/Epic Games/UE_4.14/Engine/Plugins/Developer/VisualStudioSourceCodeAccess/VisualStudioSourceCodeAccess.uplugin
LogPluginManager: Loaded Plugin XCodeSourceCodeAccess, From C:/Program Files/Epic Games/UE_4.14/Engine/Plugins/Developer/XCodeSourceCodeAccess/XCodeSourceCodeAccess.uplugin
LogPluginManager: Loaded Plugin AudioCapture, From C:/Program Files/Epic Games/UE_4.14/Engine/Plugins/Editor/AudioCapture/AudioCapture.uplugin
LogPluginManager: Loaded Plugin EpicSurvey, From C:/Program Files/Epic Games/UE_4.14/Engine/Plugins/Editor/EpicSurvey/EpicSurvey.uplugin
LogPluginManager: Loaded Plugin MacGraphicsSwitching, From C:/Program Files/Epic Games/UE_4.14/Engine/Plugins/Editor/MacGraphicsSwitching/MacGraphicsSwitching.uplugin
LogPluginManager: Loaded Plugin MobileLauncherProfileWizard, From C:/Program Files/Epic Games/UE_4.14/Engine/Plugins/Editor/MobileLauncherProfileWizard/MobileLauncherProfileWizard.uplugin
LogPluginManager: Loaded Plugin PluginBrowser, From C:/Program Files/Epic Games/UE_4.14/Engine/Plugins/Editor/PluginBrowser/PluginBrowser.uplugin
LogPluginManager: Loaded Plugin SpeedTreeImporter, From C:/Program Files/Epic Games/UE_4.14/Engine/Plugins/Editor/SpeedTreeImporter/SpeedTreeImporter.uplugin
LogPluginManager: Loaded Plugin SuperSearchEditor, From C:/Program Files/Epic Games/UE_4.14/Engine/Plugins/Editor/SuperSearchEditor/SuperSearchEditor.uplugin
LogPluginManager: Loaded Plugin AlembicImporter, From C:/Program Files/Epic Games/UE_4.14/Engine/Plugins/Experimental/AlembicImporter/AlembicImporter.uplugin
LogPluginManager: Loaded Plugin BlueprintStats, From C:/Program Files/Epic Games/UE_4.14/Engine/Plugins/Experimental/BlueprintStats/BlueprintStats.uplugin
LogPluginManager: Loaded Plugin CharacterAI, From C:/Program Files/Epic Games/UE_4.14/Engine/Plugins/Experimental/CharacterAI/CharacterAI.uplugin
LogPluginManager: Loaded Plugin CodeEditor, From C:/Program Files/Epic Games/UE_4.14/Engine/Plugins/Experimental/CodeEditor/CodeEditor.uplugin
LogPluginManager: Loaded Plugin CodeView, From C:/Program Files/Epic Games/UE_4.14/Engine/Plugins/Experimental/CodeView/CodeView.uplugin
LogPluginManager: Loaded Plugin HTML5Networking, From C:/Program Files/Epic Games/UE_4.14/Engine/Plugins/Experimental/HTML5Networking/HTML5Networking.uplugin
LogPluginManager: Loaded Plugin OSVR, From C:/Program Files/Epic Games/UE_4.14/Engine/Plugins/Experimental/OSVR/OSVR.uplugin
LogPluginManager: Loaded Plugin Phya, From C:/Program Files/Epic Games/UE_4.14/Engine/Plugins/Experimental/Phya/Phya.uplugin
LogPluginManager: Loaded Plugin SignificanceManager, From C:/Program Files/Epic Games/UE_4.14/Engine/Plugins/Experimental/SignificanceManager/SignificanceManager.uplugin
LogPluginManager: Loaded Plugin SimpleHMD, From C:/Program Files/Epic Games/UE_4.14/Engine/Plugins/Experimental/SimpleHMD/SimpleHMD.uplugin
LogPluginManager: Loaded Plugin StereoPanorama, From C:/Program Files/Epic Games/UE_4.14/Engine/Plugins/Experimental/StereoPanorama/StereoPanorama.uplugin
LogPluginManager: Loaded Plugin StructBox, From C:/Program Files/Epic Games/UE_4.14/Engine/Plugins/Experimental/StructBox/StructBox.uplugin
LogPluginManager: Loaded Plugin AndroidMedia, From C:/Program Files/Epic Games/UE_4.14/Engine/Plugins/Media/AndroidMedia/AndroidMedia.uplugin
LogPluginManager: Loaded Plugin AvfMedia, From C:/Program Files/Epic Games/UE_4.14/Engine/Plugins/Media/AvfMedia/AvfMedia.uplugin
LogPluginManager: Loaded Plugin MediaPlayerEditor, From C:/Program Files/Epic Games/UE_4.14/Engine/Plugins/Media/MediaPlayerEditor/MediaPlayerEditor.uplugin
LogPluginManager: Loaded Plugin WmfMedia, From C:/Program Files/Epic Games/UE_4.14/Engine/Plugins/Media/WmfMedia/WmfMedia.uplugin
LogPluginManager: Loaded Plugin MessagingDebugger, From C:/Program Files/Epic Games/UE_4.14/Engine/Plugins/Messaging/MessagingDebugger/MessagingDebugger.uplugin
LogPluginManager: Loaded Plugin TcpMessaging, From C:/Program Files/Epic Games/UE_4.14/Engine/Plugins/Messaging/TcpMessaging/TcpMessaging.uplugin
LogPluginManager: Loaded Plugin UdpMessaging, From C:/Program Files/Epic Games/UE_4.14/Engine/Plugins/Messaging/UdpMessaging/UdpMessaging.uplugin
LogPluginManager: Loaded Plugin LevelSequenceEditor, From C:/Program Files/Epic Games/UE_4.14/Engine/Plugins/MovieScene/LevelSequenceEditor/LevelSequenceEditor.uplugin
LogPluginManager: Loaded Plugin MatineeToLevelSequence, From C:/Program Files/Epic Games/UE_4.14/Engine/Plugins/MovieScene/MatineeToLevelSequence/MatineeToLevelSequence.uplugin
LogPluginManager: Loaded Plugin NetcodeUnitTest, From C:/Program Files/Epic Games/UE_4.14/Engine/Plugins/NetcodeUnitTest/NetcodeUnitTest/NetcodeUnitTest.uplugin
LogPluginManager: Loaded Plugin NUTUnrealEngine4, From C:/Program Files/Epic Games/UE_4.14/Engine/Plugins/NetcodeUnitTest/NUTUnrealEngine4/NUTUnrealEngine4.uplugin
LogPluginManager: Loaded Plugin OnlineSubsystemGameCircle, From C:/Program Files/Epic Games/UE_4.14/Engine/Plugins/Online/Android/OnlineSubsystemGameCircle/OnlineSubsystemGameCircle.uplugin
LogPluginManager: Loaded Plugin OnlineSubsystemGooglePlay, From C:/Program Files/Epic Games/UE_4.14/Engine/Plugins/Online/Android/OnlineSubsystemGooglePlay/OnlineSubsystemGooglePlay.uplugin
LogPluginManager: Loaded Plugin OnlineSubsystemIOS, From C:/Program Files/Epic Games/UE_4.14/Engine/Plugins/Online/IOS/OnlineSubsystemIOS/OnlineSubsystemIOS.uplugin
LogPluginManager: Loaded Plugin OnlineFramework, From C:/Program Files/Epic Games/UE_4.14/Engine/Plugins/Online/OnlineFramework/OnlineFramework.uplugin
LogPluginManager: Loaded Plugin OnlineSubsystem, From C:/Program Files/Epic Games/UE_4.14/Engine/Plugins/Online/OnlineSubsystem/OnlineSubsystem.uplugin
LogPluginManager: Loaded Plugin OnlineSubsystemAmazon, From C:/Program Files/Epic Games/UE_4.14/Engine/Plugins/Online/OnlineSubsystemAmazon/OnlineSubsystemAmazon.uplugin
LogPluginManager: Loaded Plugin OnlineSubsystemFacebook, From C:/Program Files/Epic Games/UE_4.14/Engine/Plugins/Online/OnlineSubsystemFacebook/OnlineSubsystemFacebook.uplugin
LogPluginManager: Loaded Plugin OnlineSubsystemNull, From C:/Program Files/Epic Games/UE_4.14/Engine/Plugins/Online/OnlineSubsystemNull/OnlineSubsystemNull.uplugin
LogPluginManager: Loaded Plugin OnlineSubsystemOculus, From C:/Program Files/Epic Games/UE_4.14/Engine/Plugins/Online/OnlineSubsystemOculus/OnlineSubsystemOculus.uplugin
LogPluginManager: Loaded Plugin OnlineSubsystemSteam, From C:/Program Files/Epic Games/UE_4.14/Engine/Plugins/Online/OnlineSubsystemSteam/OnlineSubsystemSteam.uplugin
LogPluginManager: Loaded Plugin OnlineSubsystemUtils, From C:/Program Files/Epic Games/UE_4.14/Engine/Plugins/Online/OnlineSubsystemUtils/OnlineSubsystemUtils.uplugin
LogPluginManager: Loaded Plugin IOSTapJoy, From C:/Program Files/Epic Games/UE_4.14/Engine/Plugins/Runtime/Advertising/IOSTapJoy/IOSTapJoy.uplugin
LogPluginManager: Loaded Plugin AnalyticsBlueprintLibrary, From C:/Program Files/Epic Games/UE_4.14/Engine/Plugins/Runtime/Analytics/AnalyticsBlueprintLibrary/AnalyticsBlueprintLibrary.uplugin
LogPluginManager: Loaded Plugin AnalyticsMulticast, From C:/Program Files/Epic Games/UE_4.14/Engine/Plugins/Runtime/Analytics/AnalyticsMulticast/AnalyticsMulticast.uplugin
LogPluginManager: Loaded Plugin Apsalar, From C:/Program Files/Epic Games/UE_4.14/Engine/Plugins/Runtime/Analytics/Apsalar/Apsalar.uplugin
LogPluginManager: Loaded Plugin FileLogging, From C:/Program Files/Epic Games/UE_4.14/Engine/Plugins/Runtime/Analytics/FileLogging/FileLogging.uplugin
LogPluginManager: Loaded Plugin Flurry, From C:/Program Files/Epic Games/UE_4.14/Engine/Plugins/Runtime/Analytics/Flurry/Flurry.uplugin
LogPluginManager: Loaded Plugin AndroidDeviceProfileSelector, From C:/Program Files/Epic Games/UE_4.14/Engine/Plugins/Runtime/AndroidDeviceProfileSelector/AndroidDeviceProfileSelector.uplugin
LogPluginManager: Loaded Plugin AndroidMoviePlayer, From C:/Program Files/Epic Games/UE_4.14/Engine/Plugins/Runtime/AndroidMoviePlayer/AndroidMoviePlayer.uplugin
LogPluginManager: Loaded Plugin AppleMoviePlayer, From C:/Program Files/Epic Games/UE_4.14/Engine/Plugins/Runtime/AppleMoviePlayer/AppleMoviePlayer.uplugin
LogPluginManager: Loaded Plugin ArchVisCharacter, From C:/Program Files/Epic Games/UE_4.14/Engine/Plugins/Runtime/ArchVisCharacter/ArchVisCharacter.uplugin
LogPluginManager: Loaded Plugin CableComponent, From C:/Program Files/Epic Games/UE_4.14/Engine/Plugins/Runtime/CableComponent/CableComponent.uplugin
LogPluginManager: Loaded Plugin CustomMeshComponent, From C:/Program Files/Epic Games/UE_4.14/Engine/Plugins/Runtime/CustomMeshComponent/CustomMeshComponent.uplugin
LogPluginManager: Loaded Plugin ExampleDeviceProfileSelector, From C:/Program Files/Epic Games/UE_4.14/Engine/Plugins/Runtime/ExampleDeviceProfileSelector/ExampleDeviceProfileSelector.uplugin
LogPluginManager: Loaded Plugin GearVR, From C:/Program Files/Epic Games/UE_4.14/Engine/Plugins/Runtime/GearVR/GearVR.uplugin
LogPluginManager: Loaded Plugin GoogleVRController, From C:/Program Files/Epic Games/UE_4.14/Engine/Plugins/Runtime/GoogleVR/GoogleVRController/GoogleVRController.uplugin
LogPluginManager: Loaded Plugin GoogleVRHMD, From C:/Program Files/Epic Games/UE_4.14/Engine/Plugins/Runtime/GoogleVR/GoogleVRHMD/GoogleVRHMD.uplugin
LogPluginManager: Loaded Plugin IOSDeviceProfileSelector, From C:/Program Files/Epic Games/UE_4.14/Engine/Plugins/Runtime/IOSDeviceProfileSelector/IOSDeviceProfileSelector.uplugin
LogPluginManager: Loaded Plugin LeapMotion, From C:/Program Files/Epic Games/UE_4.14/Engine/Plugins/Runtime/LeapMotion/LeapMotion.uplugin
LogPluginManager: Loaded Plugin LinuxDeviceProfileSelector, From C:/Program Files/Epic Games/UE_4.14/Engine/Plugins/Runtime/LinuxDeviceProfileSelector/LinuxDeviceProfileSelector.uplugin
LogPluginManager: Loaded Plugin MIDIDevice, From C:/Program Files/Epic Games/UE_4.14/Engine/Plugins/Runtime/MIDIDevice/MIDIDevice.uplugin
LogPluginManager: Loaded Plugin MobilePatchingUtils, From C:/Program Files/Epic Games/UE_4.14/Engine/Plugins/Runtime/MobilePatchingUtils/MobilePatchingUtils.uplugin
LogPluginManager: Loaded Plugin Ansel, From C:/Program Files/Epic Games/UE_4.14/Engine/Plugins/Runtime/Nvidia/Ansel/Ansel.uplugin
LogPluginManager: Loaded Plugin OculusAudio, From C:/Program Files/Epic Games/UE_4.14/Engine/Plugins/Runtime/OculusAudio/OculusAudio.uplugin
LogPluginManager: Loaded Plugin OculusInput, From C:/Program Files/Epic Games/UE_4.14/Engine/Plugins/Runtime/OculusInput/OculusInput.uplugin
LogPluginManager: Loaded Plugin OculusLibrary, From C:/Program Files/Epic Games/UE_4.14/Engine/Plugins/Runtime/OculusLibrary/OculusLibrary.uplugin
LogPluginManager: Loaded Plugin OculusRift, From C:/Program Files/Epic Games/UE_4.14/Engine/Plugins/Runtime/OculusRift/OculusRift.uplugin
LogPluginManager: Loaded Plugin Oodle, From C:/Program Files/Epic Games/UE_4.14/Engine/Plugins/Runtime/PacketHandlers/CompressionComponents/Oodle/Oodle.uplugin
LogPluginManager: Loaded Plugin ProceduralMeshComponent, From C:/Program Files/Epic Games/UE_4.14/Engine/Plugins/Runtime/ProceduralMeshComponent/ProceduralMeshComponent.uplugin
LogPluginManager: Loaded Plugin SoundMod, From C:/Program Files/Epic Games/UE_4.14/Engine/Plugins/Runtime/SoundMod/SoundMod.uplugin
LogPluginManager: Loaded Plugin SoundVisualizations, From C:/Program Files/Epic Games/UE_4.14/Engine/Plugins/Runtime/SoundVisualizations/SoundVisualizations.uplugin
LogPluginManager: Loaded Plugin SteamController, From C:/Program Files/Epic Games/UE_4.14/Engine/Plugins/Runtime/Steam/SteamController/SteamController.uplugin
LogPluginManager: Loaded Plugin SteamVR, From C:/Program Files/Epic Games/UE_4.14/Engine/Plugins/Runtime/Steam/SteamVR/SteamVR.uplugin
LogPluginManager: Loaded Plugin WebBrowserWidget, From C:/Program Files/Epic Games/UE_4.14/Engine/Plugins/Runtime/WebBrowserWidget/WebBrowserWidget.uplugin
LogPluginManager: Loaded Plugin WindowsDeviceProfileSelector, From C:/Program Files/Epic Games/UE_4.14/Engine/Plugins/Runtime/WindowsDeviceProfileSelector/WindowsDeviceProfileSelector.uplugin
LogPluginManager: Loaded Plugin WindowsMoviePlayer, From C:/Program Files/Epic Games/UE_4.14/Engine/Plugins/Runtime/WindowsMoviePlayer/WindowsMoviePlayer.uplugin
LogPluginManager: Loaded Plugin ScriptPlugin, From C:/Program Files/Epic Games/UE_4.14/Engine/Plugins/ScriptPlugin/ScriptPlugin.uplugin
LogPluginManager: Loaded Plugin SlateRemote, From C:/Program Files/Epic Games/UE_4.14/Engine/Plugins/Slate/SlateRemote/SlateRemote.uplugin
LogPluginManager: Loaded Plugin EditorTests, From C:/Program Files/Epic Games/UE_4.14/Engine/Plugins/Tests/EditorTests/EditorTests.uplugin
LogPluginManager: Loaded Plugin FbxAutomationTestBuilder, From C:/Program Files/Epic Games/UE_4.14/Engine/Plugins/Tests/FbxAutomationTestBuilder/FbxAutomationTestBuilder.uplugin
LogPluginManager: Loaded Plugin FunctionalTestingEditor, From C:/Program Files/Epic Games/UE_4.14/Engine/Plugins/Tests/FunctionalTestingEditor/FunctionalTestingEditor.uplugin
LogPluginManager: Loaded Plugin RuntimeTests, From C:/Program Files/Epic Games/UE_4.14/Engine/Plugins/Tests/RuntimeTests/RuntimeTests.uplugin
LogPluginManager: Loaded Plugin ScreenshotTools, From C:/Program Files/Epic Games/UE_4.14/Engine/Plugins/Tests/ScreenshotTools/ScreenshotTools.uplugin
LogInit: Using libcurl 7.47.1
LogInit:  - built for x86_64-pc-win32
LogInit:  - supports SSL with OpenSSL/1.0.2g
LogInit:  - supports HTTP deflate (compression) using libz 1.2.8
LogInit:  - other features:
LogInit:      CURL_VERSION_SSL
LogInit:      CURL_VERSION_LIBZ
LogInit:      CURL_VERSION_IPV6
LogInit:      CURL_VERSION_ASYNCHDNS
LogInit:      CURL_VERSION_LARGEFILE
LogInit:      CURL_VERSION_IDN
LogInit:  CurlRequestOptions (configurable via config and command line):
LogInit:  - bVerifyPeer = false  - Libcurl will NOT verify peer certificate
LogInit:  - bUseHttpProxy = false  - Libcurl will NOT use HTTP proxy
LogInit:  - bDontReuseConnections = false  - Libcurl will reuse connections
LogInit:  - CertBundlePath = nullptr  - Libcurl will use whatever was configured at build time.
LogInit: Build: ++UE4+Release-4.14-CL-3249277
LogInit: Engine Version: 4.14.3-3249277+++UE4+Release-4.14
LogInit: Compatible Engine Version: 4.14.0-3195953+++UE4+Release-4.14
LogInit: Net CL: 3195953
LogDevObjectVersion: Number of dev versions registered: 13
LogDevObjectVersion:   Dev-Blueprints (B0D832E4-1F89-4F0D-ACCF-7EB736FD4AA2): 7
LogDevObjectVersion:   Dev-Build (E1C64328-A22C-4D53-A36C-8E866417BD8C): 0
LogDevObjectVersion:   Dev-Core (375EC13C-06E4-48FB-B500-84F0262A717E): 1
LogDevObjectVersion:   Dev-Editor (E4B068ED-F494-42E9-A231-DA0B2E46BB41): 8
LogDevObjectVersion:   Dev-Framework (CFFC743F-43B0-4480-9391-14DF171D2073): 17
LogDevObjectVersion:   Dev-Mobile (B02B49B5-BB20-44E9-A304-32B752E40360): 0
LogDevObjectVersion:   Dev-Networking (A4E4105C-59A1-49B5-A7C5-40C4547EDFEE): 0
LogDevObjectVersion:   Dev-Online (39C831C9-5AE6-47DC-9A44-9C173E1C8E7C): 0
LogDevObjectVersion:   Dev-Physics (78F01B33-EBEA-4F98-B9B4-84EACCB95AA2): 0
LogDevObjectVersion:   Dev-Platform (6631380F-2D4D-43E0-8009-CF276956A95A): 0
LogDevObjectVersion:   Dev-Rendering (12F88B9F-8875-4AFC-A67C-D90C383ABD29): 12
LogDevObjectVersion:   Dev-Sequencer (7B5AE74C-D270-4C10-A958-57980B212A5A): 1
LogDevObjectVersion:   Dev-VR (D7296918-1DD6-4BDD-9DE2-64A83CC13884): 0
LogInit: Compiled (64-bit): Jan  6 2017 10:49:43
LogInit: Compiled with Visual C++: 19.00.23026.00
LogInit: Build Configuration: Development
LogInit: Branch Name: ++UE4+Release-4.14
LogInit: Command line:  
LogInit: Base directory: C:/Program Files/Epic Games/UE_4.14/Engine/Binaries/Win64/
LogInit: Installed Engine Build: 1
LogInit: Presizing for max 8388607 objects, including 0 objects not considered by GC, pre-allocating 0 bytes for permanent pool.
LogInit: Object subsystem initialized
[2017.04.27-00.03.06:990][  0]LogInit: Selected Device Profile: [Windows]
[2017.04.27-00.03.06:990][  0]LogInit: Applying CVar settings loaded from the selected device profile: [Windows]
[2017.04.27-00.03.07:002][  0]LogInit: Computer: DESKTOP-AJH46I0
[2017.04.27-00.03.07:002][  0]LogInit: User: azthe
[2017.04.27-00.03.07:002][  0]LogInit: CPU Page size=65536, Cores=4
[2017.04.27-00.03.07:002][  0]LogInit: High frequency timer resolution =2.435777 MHz
[2017.04.27-00.03.07:002][  0]LogMemory: Memory total: Physical=15.9GB (16GB approx)
[2017.04.27-00.03.07:002][  0]LogMemory: Platform Memory Stats for Windows
[2017.04.27-00.03.07:002][  0]LogMemory: Process Physical Memory: 265.31 MB used, 265.31 MB peak
[2017.04.27-00.03.07:002][  0]LogMemory: Process Virtual Memory: 262.85 MB used, 262.85 MB peak
[2017.04.27-00.03.07:002][  0]LogMemory: Physical Memory: 5358.47 MB used,  10909.65 MB free, 16268.12 MB total
[2017.04.27-00.03.07:002][  0]LogMemory: Virtual Memory: 676.64 MB used,  10909.65 MB free, 134217728.00 MB total
[2017.04.27-00.03.07:279][  0]LogTextLocalizationManager: No specific translations for ('en-US') exist, so ('en') translations will be used.
[2017.04.27-00.03.07:865][  0]LogD3D11RHI: D3D11 adapters:
[2017.04.27-00.03.08:441][  0]LogD3D11RHI:    0. 'NVIDIA GeForce GTX 960M' (Feature Level 11_0)
[2017.04.27-00.03.08:441][  0]LogD3D11RHI:       2019/0/8134 MB DedicatedVideo/DedicatedSystem/SharedSystem, Outputs:2, VendorId:0x10de
[2017.04.27-00.03.08:446][  0]LogD3D11RHI:    1. 'Intel(R) HD Graphics 4600' (Feature Level 11_0)
[2017.04.27-00.03.08:446][  0]LogD3D11RHI:       112/0/2048 MB DedicatedVideo/DedicatedSystem/SharedSystem, Outputs:0, VendorId:0x8086
[2017.04.27-00.03.08:448][  0]LogD3D11RHI:    2. 'Microsoft Basic Render Driver' (Feature Level 11_0)
[2017.04.27-00.03.08:448][  0]LogD3D11RHI:       0/0/8134 MB DedicatedVideo/DedicatedSystem/SharedSystem, Outputs:0, VendorId:0x1414
[2017.04.27-00.03.08:448][  0]LogD3D11RHI: Chosen D3D11 Adapter: 0
[2017.04.27-00.03.08:451][  0]LogD3D11RHI: Creating new Direct3DDevice
[2017.04.27-00.03.08:452][  0]LogD3D11RHI:     GPU DeviceId: 0x139b (for the marketing name, search the web for "GPU Device Id")
[2017.04.27-00.03.08:452][  0]LogWindows: EnumDisplayDevices:
[2017.04.27-00.03.08:452][  0]LogWindows:    0. 'Intel(R) HD Graphics 4600' (P:1 D:1)
[2017.04.27-00.03.08:452][  0]LogWindows:    1. 'Intel(R) HD Graphics 4600' (P:0 D:1)
[2017.04.27-00.03.08:452][  0]LogWindows:    2. 'Intel(R) HD Graphics 4600' (P:0 D:0)
[2017.04.27-00.03.08:452][  0]LogWindows: DebugString: PrimaryIsNotTheChoosenAdapter PrimaryIsNotTheChoosenAdapter PrimaryIsNotTheChoosenAdapter FoundDriverCount:0 
[2017.04.27-00.03.08:452][  0]LogD3D11RHI:     Adapter Name: NVIDIA GeForce GTX 960M
[2017.04.27-00.03.08:452][  0]LogD3D11RHI:   Driver Version: Unknown (internal:Unknown, unified:Unknown)
[2017.04.27-00.03.08:452][  0]LogD3D11RHI:      Driver Date: Unknown
[2017.04.27-00.03.08:452][  0]LogRHI: Texture pool is 1361 MB (70% of 1945 MB)
[2017.04.27-00.03.09:003][  0]LogD3D11RHI: Async texture creation enabled
[2017.04.27-00.03.09:034][  0]LogD3D11RHI: GPU Timing Frequency: 1000.000000 (Debug: 2 1)
[2017.04.27-00.03.09:035][  0]LogShaderCompilers: Guid format shader working directory is -25 characters bigger than the processId version (../../../../../../Users/azthe/Documents/Unreal Projects/Transfusion_0_1/Intermediate/Shaders/WorkingDirectory/9400/).
[2017.04.27-00.03.09:035][  0]LogShaderCompilers: Cleaned the shader compiler working directory 'C:/Users/azthe/AppData/Local/Temp/UnrealShaderWorkingDir/2CFB00E949BF9837EE7471B2363E9F65/'.
[2017.04.27-00.03.09:035][  0]LogShaderCompilers:Display: Using Local Shader Compiler.
[2017.04.27-00.03.10:028][  0]LogTemp:Display: Loaded TP AllDesktopTargetPlatform
[2017.04.27-00.03.10:082][  0]LogTemp:Display: Loaded TP MacClientTargetPlatform
[2017.04.27-00.03.10:134][  0]LogTemp:Display: Loaded TP MacNoEditorTargetPlatform
[2017.04.27-00.03.10:185][  0]LogTemp:Display: Loaded TP MacServerTargetPlatform
[2017.04.27-00.03.10:238][  0]LogTemp:Display: Loaded TP MacTargetPlatform
[2017.04.27-00.03.10:290][  0]LogTemp:Display: Loaded TP WindowsClientTargetPlatform
[2017.04.27-00.03.10:341][  0]LogTemp:Display: Loaded TP WindowsNoEditorTargetPlatform
[2017.04.27-00.03.10:393][  0]LogTemp:Display: Loaded TP WindowsServerTargetPlatform
[2017.04.27-00.03.10:435][  0]LogTemp:Display: Loaded TP WindowsTargetPlatform
[2017.04.27-00.03.10:487][  0]LogTemp:Display: Loaded TP AndroidTargetPlatform
[2017.04.27-00.03.10:538][  0]LogTemp:Display: Loaded TP Android_ASTCTargetPlatform
[2017.04.27-00.03.10:609][  0]LogTemp:Display: Loaded TP Android_ATCTargetPlatform
[2017.04.27-00.03.10:671][  0]LogTemp:Display: Loaded TP Android_DXTTargetPlatform
[2017.04.27-00.03.10:726][  0]LogTemp:Display: Loaded TP Android_ETC1TargetPlatform
[2017.04.27-00.03.10:778][  0]LogTemp:Display: Loaded TP Android_ETC2TargetPlatform
[2017.04.27-00.03.10:890][  0]LogTemp:Display: Loaded TP Android_MultiTargetPlatform
[2017.04.27-00.03.10:890][  0]LogTemp:Display: Loaded TP Android_PVRTCTargetPlatform
[2017.04.27-00.03.10:929][  0]LogTemp:Display: Loaded TP HTML5TargetPlatform
[2017.04.27-00.03.11:012][  0]LogTemp:Display: Loaded TP IOSTargetPlatform
[2017.04.27-00.03.11:047][  0]LogTemp:Display: Loaded TP TVOSTargetPlatform
[2017.04.27-00.03.11:110][  0]LogTemp:Display: Loaded TP LinuxClientTargetPlatform
[2017.04.27-00.03.11:164][  0]LogTemp:Display: Loaded TP LinuxNoEditorTargetPlatform
[2017.04.27-00.03.11:217][  0]LogTemp:Display: Loaded TP LinuxServerTargetPlatform
[2017.04.27-00.03.11:270][  0]LogTemp:Display: Loaded TP LinuxTargetPlatform
[2017.04.27-00.03.11:270][  0]LogTargetPlatformManager:Display: Building Assets For Windows
[2017.04.27-00.03.11:662][  0]LogDerivedDataCache:Display: Max Cache Size: 512 MB
[2017.04.27-00.03.11:715][  0]LogDerivedDataCache: Loaded boot cache 0.05s 50MB C:/Users/azthe/AppData/Local/UnrealEngine/4.14/DerivedDataCache/Boot.ddc.
[2017.04.27-00.03.11:715][  0]LogDerivedDataCache:Display: Loaded Boot cache: C:/Users/azthe/AppData/Local/UnrealEngine/4.14/DerivedDataCache/Boot.ddc
[2017.04.27-00.03.11:715][  0]LogDerivedDataCache: FDerivedDataBackendGraph:  Pak pak cache file ../../../../../../Users/azthe/Documents/Unreal Projects/Transfusion_0_1/DerivedDataCache/DDC.ddp not found, will not use a pak cache.
[2017.04.27-00.03.11:715][  0]LogDerivedDataCache: Unable to find inner node Pak for hierarchical cache Hierarchy.
[2017.04.27-00.03.11:715][  0]LogDerivedDataCache: FDerivedDataBackendGraph:  CompressedPak pak cache file ../../../../../../Users/azthe/Documents/Unreal Projects/Transfusion_0_1/DerivedDataCache/Compressed.ddp not found, will not use a pak cache.
[2017.04.27-00.03.11:715][  0]LogDerivedDataCache: Unable to find inner node CompressedPak for hierarchical cache Hierarchy.
[2017.04.27-00.03.11:732][  0]LogDerivedDataCache:Display: Pak cache opened for reading ../../../Engine/DerivedDataCache/Compressed.ddp.
[2017.04.27-00.03.11:744][  0]LogDerivedDataCache: Using Local data cache path C:/Users/azthe/AppData/Local/UnrealEngine/Common/DerivedDataCache: Writable
[2017.04.27-00.03.11:967][  0]LogInit: Selected Device Profile: [Windows]
[2017.04.27-00.03.11:970][  0]LogContentStreaming: Texture pool size is 0.00 MB
[2017.04.27-00.03.12:171][  0]LogMeshUtilities: Using QuadricMeshReduction for automatic static mesh reduction
[2017.04.27-00.03.12:211][  0]LogSimplygon: Simplygon DLL not present - disabling.
[2017.04.27-00.03.12:256][  0]LogMeshUtilities: Using SimplygonSwarm for distributed automatic mesh merging
[2017.04.27-00.03.12:256][  0]LogMeshUtilities: No automatic skeletal mesh reduction module available
[2017.04.27-00.03.12:256][  0]LogMeshUtilities: No automatic mesh merging module available
[2017.04.27-00.03.12:727][  0]LogNetVersion: GetLocalNetworkVersion: CL: 3195953, ProjectName: transfusion_0_1, ProjectVersion: , EngineNetworkVersion: 2, GameNetworkVersion: 0, NetworkChecksum: 1159376860
[2017.04.27-00.03.12:780][  0]LogAssetRegistry: FAssetRegistry took 0.0211 seconds to start up
[2017.04.27-00.03.12:823][  0]LogPackageLocalizationCache: Processed 3 localized package path(s) for 2 prioritized culture(s) in 0.022627 seconds
[2017.04.27-00.03.12:829][  0]LogUObjectArray: 31946 objects as part of root set at end of initial load.
[2017.04.27-00.03.12:829][  0]LogUObjectAllocator: 6935848 out of 0 bytes used by permanent object pool.
[2017.04.27-00.03.12:829][  0]LogUObjectArray: CloseDisregardForGC: 0/0 objects in disregard for GC pool
[2017.04.27-00.03.12:888][  0]LogInit: WinSock: version 1.1 (2.2), MaxSocks=32767, MaxUdp=65467
[2017.04.27-00.03.13:602][  0]LogSlate: Using Freetype 2.6.0
[2017.04.27-00.03.13:602][  0]LogSlate: SlateFontCache - WITH_FREETYPE: 1, WITH_HARFBUZZ: 1
[2017.04.27-00.03.13:602][  0]LogSlate: SlateFontCache - WITH_FREETYPE: 1, WITH_HARFBUZZ: 1
[2017.04.27-00.03.14:411][  0]LogTcpMessaging: Initializing TcpMessaging bridge
[2017.04.27-00.03.14:449][  0]LogUdpMessaging: Initializing bridge on interface 0.0.0.0:0 to multicast group 230.0.0.1:6666.
[2017.04.27-00.03.14:777][  0]LogMaterial: Uniform references updated for custom material expression Custom.
[2017.04.27-00.03.15:136][  0]SourceControl: Info Source control is disabled
[2017.04.27-00.03.16:820][  0]LogEngine: Initializing Engine...
[2017.04.27-00.03.16:821][  0]LogHMD: Failed to initialize OpenVR with code 110
[2017.04.27-00.03.17:045][  0]LogAIModule: Creating AISystem for world Untitled
[2017.04.27-00.03.17:054][  0]LogInit: XAudio2 using 'Speakers (USB PnP Sound Device)' : 2 channels at 44.1 kHz using 16 bits per sample (channel mask 0x3)
[2017.04.27-00.03.17:061][  0]LogInit: FAudioDevice initialized.
[2017.04.27-00.03.17:089][  0]LogDerivedDataCache: Saved boot cache 0.03s 50MB C:/Users/azthe/AppData/Local/UnrealEngine/4.14/DerivedDataCache/Boot.ddc.
[2017.04.27-00.03.17:098][  0]LogInit: Texture streaming: Enabled
[2017.04.27-00.03.17:295][  0]LogInit: Transaction tracking system initialized
[2017.04.27-00.03.17:643][  0]BlueprintLog: New page: Editor Load
[2017.04.27-00.03.18:512][  0]LocalizationService: Info Localization service is disabled
[2017.04.27-00.03.19:271][  0]LogConsoleResponse:Display: 
[2017.04.27-00.03.19:403][  0]LogCook:Display: Max memory allowance for cook 16384mb min free memory 0mb
[2017.04.27-00.03.19:403][  0]LogCook:Display: Mobile HDR setting 1
[2017.04.27-00.03.19:602][  0]LogFileCache: Scanning file cache for directory 'C:/Users/azthe/Documents/Unreal Projects/Transfusion_0_1/Content/' took 0.01s
[2017.04.27-00.03.20:425][  0]Cmd: MAP LOAD FILE="../../../Engine/Content/Maps/Templates/Template_Default.umap" TEMPLATE=1 SHOWPROGRESS=1 FEATURELEVEL=3
[2017.04.27-00.03.20:426][  0]LightingResults: New page: Lighting Build
[2017.04.27-00.03.20:464][  0]MapCheck: New page: Map Check
[2017.04.27-00.03.20:464][  0]LightingResults: New page: Lighting Build
[2017.04.27-00.03.20:654][  0]LogAIModule: Creating AISystem for world Untitled_1
[2017.04.27-00.03.20:656][  0]LogActorComponent: RegisterComponentWithWorld: (/Temp/Untitled_1.Untitled_1:PersistentLevel.WorldSettings_1.StaticMeshComponent0) Trying to register component with IsPendingKill() == true. Aborting.
[2017.04.27-00.03.20:660][  0]LogEditorServer: Finished looking for orphan Actors (0.000 secs)
[2017.04.27-00.03.20:663][  0]Cmd: MAP CHECKDEP NOCLEARLOG
[2017.04.27-00.03.20:700][  0]MapCheck: Info Map check complete: 0 Error(s), 0 Warning(s), took 37.067ms to complete.
[2017.04.27-00.03.20:700][  0]LogFileHelpers: Loading map 'Template_Default' took 0.275
[2017.04.27-00.03.20:793][  0]LogWindowsTextInputMethodSystem:Display: IME system now deactivated.
[2017.04.27-00.03.20:904][  0]LogCollectionManager: Loaded 0 collections in 0.001877 seconds
[2017.04.27-00.03.20:982][  0]LogFileCache: Scanning file cache for directory 'C:/Users/azthe/Documents/Unreal Projects/Transfusion_0_1/Saved/Collections/' took 0.01s
[2017.04.27-00.03.20:982][  0]LogFileCache: Scanning file cache for directory 'C:/Users/azthe/Documents/Unreal Projects/Transfusion_0_1/Content/Developers/azthe/Collections/' took 0.01s
[2017.04.27-00.03.20:982][  0]LogFileCache: Scanning file cache for directory 'C:/Users/azthe/Documents/Unreal Projects/Transfusion_0_1/Content/Collections/' took 0.01s
[2017.04.27-00.03.20:982][  0]LogCollectionManager: Rebuilt the GUID cache for 0 collections in 0.000002 seconds
[2017.04.27-00.03.20:990][  0]LogContentBrowser: Native class hierarchy populated in 0.0082 seconds. Added 2190 classes and 428 folders.
[2017.04.27-00.03.21:031][  0]LogStats: UGameplayTagsManager::ConstructGameplayTagTree: Construct from data asset -  0.000 s
[2017.04.27-00.03.21:031][  0]LogStats: UGameplayTagsManager::ConstructGameplayTagTree: GameplayTagTreeChangedEvent.Broadcast -  0.000 s
[2017.04.27-00.03.21:032][  0]LogContentBrowser: Native class hierarchy updated for 'GameplayTags' in 0.0005 seconds. Added 13 classes and 0 folders.
[2017.04.27-00.03.21:090][  0]LogContentBrowser: Native class hierarchy updated for 'WidgetCarousel' in 0.0004 seconds. Added 0 classes and 0 folders.
[2017.04.27-00.03.21:129][  0]LogContentBrowser: Native class hierarchy updated for 'AddContentDialog' in 0.0005 seconds. Added 0 classes and 0 folders.
[2017.04.27-00.03.21:168][  0]LogContentBrowser: Native class hierarchy updated for 'SceneOutliner' in 0.0005 seconds. Added 1 classes and 2 folders.
[2017.04.27-00.03.21:204][  0]LogCrashTracker: Crashtracker disabled due to settings.
[2017.04.27-00.03.21:209][  0]LogUObjectGlobals:Warning: Failed to find object 'Class None.'
[2017.04.27-00.03.21:273][  0]LogContentBrowser: Native class hierarchy updated for 'HierarchicalLODOutliner' in 0.0005 seconds. Added 1 classes and 2 folders.
[2017.04.27-00.03.21:273][  0]LogLoad: (Engine Initialization) Total time: 15.68 seconds
[2017.04.27-00.03.21:273][  0]LogLoad: (Engine Initialization) Total Blueprint compile time: 0.08 seconds
[2017.04.27-00.03.21:273][  0]LogExternalProfiler: Found external profiler: VSPerf
[2017.04.27-00.03.21:273][  0]LogExternalProfiler: Using external profiler: VSPerf
[2017.04.27-00.03.21:290][  0]LogOcInput: OculusInput pre-init called
[2017.04.27-00.03.21:321][  0]SourceControl: Info On branch master
[2017.04.27-00.03.21:321][  0]SourceControl: Info Your branch is up-to-date with 'origin/master'.
[2017.04.27-00.03.21:321][  0]SourceControl: Info Changes to be committed:
[2017.04.27-00.03.21:321][  0]SourceControl: Info   (use "git reset HEAD <file>..." to unstage)
[2017.04.27-00.03.21:321][  0]SourceControl: Info 	modified:   Content/Blueprints/HUD/FirstPersonHUD.uasset
[2017.04.27-00.03.21:321][  0]SourceControl: Info 	new file:   Content/Blueprints/InventorySystem/Blueprints/BP_Inventory.uasset
[2017.04.27-00.03.21:321][  0]SourceControl: Info 	new file:   Content/Blueprints/InventorySystem/Blueprints/Enums/E_ItemCategories.uasset
[2017.04.27-00.03.21:321][  0]SourceControl: Info 	new file:   Content/Blueprints/InventorySystem/Blueprints/ItemClasses/BP_MasterItem.uasset
[2017.04.27-00.03.21:321][  0]SourceControl: Info 	new file:   Content/Blueprints/InventorySystem/Blueprints/ItemClasses/BP_PickupActor.uasset
[2017.04.27-00.03.21:321][  0]SourceControl: Info 	new file:   Content/Blueprints/InventorySystem/Blueprints/ItemClasses/Item_HealthPotion.uasset
[2017.04.27-00.03.21:321][  0]SourceControl: Info 	new file:   Content/Blueprints/InventorySystem/Blueprints/ItemClasses/Item_Map.uasset
[2017.04.27-00.03.21:321][  0]SourceControl: Info 	new file:   Content/Blueprints/InventorySystem/Blueprints/ItemClasses/Item_Ring.uasset
[2017.04.27-00.03.21:321][  0]SourceControl: Info 	new file:   Content/Blueprints/InventorySystem/Blueprints/Structures/S_InventorySlot.uasset
[2017.04.27-00.03.21:321][  0]SourceControl: Info 	new file:   Content/Blueprints/InventorySystem/Blueprints/Structures/S_ItemInfo.uasset
[2017.04.27-00.03.21:321][  0]SourceControl: Info 	new file:   Content/Blueprints/InventorySystem/Textures/InventoryButton.uasset
[2017.04.27-00.03.21:321][  0]SourceControl: Info 	new file:   Content/Blueprints/InventorySystem/Textures/ItemIcons/Icon_Map.uasset
[2017.04.27-00.03.21:321][  0]SourceControl: Info 	new file:   Content/Blueprints/InventorySystem/Textures/ItemIcons/Icon_Potion.uasset
[2017.04.27-00.03.21:321][  0]SourceControl: Info 	new file:   Content/Blueprints/InventorySystem/Textures/ItemIcons/Icon_Ring.uasset
[2017.04.27-00.03.21:322][  0]SourceControl: Info 	new file:   Content/Blueprints/InventorySystem/Widgets/InventorySlot.uasset
[2017.04.27-00.03.21:322][  0]SourceControl: Info 	new file:   Content/Blueprints/MainCharacter.uasset
[2017.04.27-00.03.21:322][  0]SourceControl: Info 	modified:   Content/Blueprints/MyPC.uasset
[2017.04.27-00.03.21:322][  0]SourceControl: Info 	new file:   Content/Levels/NewMap.umap
[2017.04.27-00.03.21:322][  0]SourceControl: Info 	new file:   Content/NewMap.umap
[2017.04.27-00.03.21:322][  0]SourceControl: Info Changes not staged for commit:
[2017.04.27-00.03.21:322][  0]SourceControl: Info   (use "git add/rm <file>..." to update what will be committed)
[2017.04.27-00.03.21:322][  0]SourceControl: Info   (use "git checkout -- <file>..." to discard changes in working directory)
[2017.04.27-00.03.21:322][  0]SourceControl: Info 	deleted:    Content/Blueprints/Inventory/Blueprints/BP_ItemRecordingActor.uasset
[2017.04.27-00.03.21:322][  0]SourceControl: Info 	deleted:    Content/Blueprints/Inventory/Blueprints/IInventory.uasset
[2017.04.27-00.03.21:322][  0]SourceControl: Info 	deleted:    Content/Blueprints/Inventory/Blueprints/IInventoryInHUD.uasset
[2017.04.27-00.03.21:322][  0]SourceControl: Info 	deleted:    Content/Blueprints/Inventory/Blueprints/Inventory.uasset
[2017.04.27-00.03.21:322][  0]SourceControl: Info 	deleted:    Content/Blueprints/Inventory/Blueprints/InventoryItem.uasset
[2017.04.27-00.03.21:322][  0]SourceControl: Info 	deleted:    Content/Blueprints/Inventory/Blueprints/Item.uasset
[2017.04.27-00.03.21:322][  0]SourceControl: Info 	deleted:    Content/Blueprints/Inventory/Blueprints/ItemCategory.uasset
[2017.04.27-00.03.21:322][  0]SourceControl: Info 	deleted:    Content/Blueprints/Inventory/Blueprints/ItemWorldActor.uasset
[2017.04.27-00.03.21:322][  0]SourceControl: Info 	deleted:    Content/Blueprints/Inventory/Blueprints/Item_Armor.uasset
[2017.04.27-00.03.21:322][  0]SourceControl: Info 	deleted:    Content/Blueprints/Inventory/Blueprints/Item_Book.uasset
[2017.04.27-00.03.21:322][  0]SourceControl: Info 	deleted:    Content/Blueprints/Inventory/Blueprints/Item_Ingredient.uasset
[2017.04.27-00.03.21:322][  0]SourceControl: Info 	deleted:    Content/Blueprints/Inventory/Blueprints/Item_Misc.uasset
[2017.04.27-00.03.21:322][  0]SourceControl: Info 	deleted:    Content/Blueprints/Inventory/Blueprints/Item_Potion.uasset
[2017.04.27-00.03.21:322][  0]SourceControl: Info 	deleted:    Content/Blueprints/Inventory/Blueprints/Item_Weapon.uasset
[2017.04.27-00.03.21:322][  0]SourceControl: Info 	deleted:    Content/Blueprints/Inventory/Blueprints/M_ItemPreview.uasset
[2017.04.27-00.03.21:322][  0]SourceControl: Info 	deleted:    Content/Blueprints/Inventory/Blueprints/T_ItemPreview.uasset
[2017.04.27-00.03.21:322][  0]SourceControl: Info 	deleted:    Content/Blueprints/Inventory/Blueprints/UI_OnItemSelected.uasset
[2017.04.27-00.03.21:322][  0]SourceControl: Info 	deleted:    Content/Blueprints/Inventory/ItemMesh/Ball.uasset
[2017.04.27-00.03.21:322][  0]SourceControl: Info 	deleted:    Content/Blueprints/Inventory/ItemMesh/Ball2.uasset
[2017.04.27-00.03.21:322][  0]SourceControl: Info 	deleted:    Content/Blueprints/Inventory/ItemMesh/Ball2_WA.uasset
[2017.04.27-00.03.21:322][  0]SourceControl: Info 	deleted:    Content/Blueprints/Inventory/ItemMesh/Ball_WA.uasset
[2017.04.27-00.03.21:322][  0]SourceControl: Info 	deleted:    Content/Blueprints/Inventory/UMG/UI_inventory.uasset
[2017.04.27-00.03.21:322][  0]SourceControl: Info 	deleted:    Content/Blueprints/Inventory/UMG/Widget_CategoryButton.uasset
[2017.04.27-00.03.21:322][  0]SourceControl: Info 	deleted:    Content/Blueprints/Inventory/UMG/Widget_InventoryItemInList.uasset
[2017.04.27-00.03.21:322][  0]SourceControl: Info 	deleted:    Content/Blueprints/Inventory/UMG/Widget_ItemPreview.uasset
[2017.04.27-00.03.21:322][  0]SourceControl: Info 	modified:   Intermediate/CachedAssetRegistry.bin
[2017.04.27-00.03.21:322][  0]SourceControl: Info 	modified:   Saved/AutoScreenshot.png
[2017.04.27-00.03.21:322][  0]SourceControl: Info 	modified:   Saved/Config/Windows/Editor.ini
[2017.04.27-00.03.21:322][  0]SourceControl: Info 	modified:   Saved/Config/Windows/EditorPerProjectUserSettings.ini
[2017.04.27-00.03.21:322][  0]SourceControl: Info 	modified:   Saved/Config/Windows/SourceControlSettings.ini
[2017.04.27-00.03.21:322][  0]SourceControl: Info 	deleted:    Saved/Logs/TestMovement-backup-2017.04.24-16.26.01.log
[2017.04.27-00.03.21:322][  0]SourceControl: Info 	deleted:    Saved/Logs/TestMovement-backup-2017.04.24-18.11.30.log
[2017.04.27-00.03.21:322][  0]SourceControl: Info 	modified:   Saved/Logs/TestMovement.log
[2017.04.27-00.03.21:322][  0]SourceControl: Info 	modified:   Saved/Logs/Transfusion_0_1.log
[2017.04.27-00.03.21:322][  0]SourceControl: Info 	deleted:    Saved/Logs/UE4CC-Windows-0D0D6F724D2EBD971E605CB6ED07DB80/CrashReportClient.ini
[2017.04.27-00.03.21:322][  0]SourceControl: Info 	deleted:    Saved/Logs/UE4CC-Windows-DCE2D9C6476D5C916A4135A56BDFFB2A/CrashReportClient.ini
[2017.04.27-00.03.21:322][  0]SourceControl: Info 	deleted:    Saved/Logs/UE4CC-Windows-EE7A0F7440911CFAF540E6A70F7501B8/CrashReportClient.ini
[2017.04.27-00.03.21:322][  0]SourceControl: Info Untracked files:
[2017.04.27-00.03.21:322][  0]SourceControl: Info   (use "git add <file>..." to include in what will be committed)
[2017.04.27-00.03.21:322][  0]SourceControl: Info 	Saved/Autosaves/Game/Blueprints/InventorySystem/
[2017.04.27-00.03.21:322][  0]SourceControl: Info 	Saved/Autosaves/Game/Blueprints/MainCharacter_Auto3.uasset
[2017.04.27-00.03.21:322][  0]SourceControl: Info 	Saved/Autosaves/Game/Blueprints/MainCharacter_Auto8.uasset
[2017.04.27-00.03.21:322][  0]SourceControl: Info 	Saved/Autosaves/Game/NewMap_Auto5.umap
[2017.04.27-00.03.21:322][  0]SourceControl: Info 	Saved/Autosaves/Game/NewMap_Auto6.umap
[2017.04.27-00.03.21:322][  0]SourceControl: Info 	Saved/Autosaves/Game/NewMap_Auto8.umap
[2017.04.27-00.03.21:322][  0]SourceControl: Info 	Saved/Backup/BP_Inventory_2017-04-26-17-30-29.uasset
[2017.04.27-00.03.21:322][  0]SourceControl: Info 	Saved/Backup/BP_Inventory_2017-04-26-17-39-52.uasset
[2017.04.27-00.03.21:322][  0]SourceControl: Info 	Saved/Backup/BP_Inventory_2017-04-26-17-47-46.uasset
[2017.04.27-00.03.21:322][  0]SourceControl: Info 	Saved/Backup/BP_Inventory_2017-04-26-17-55-11.uasset
[2017.04.27-00.03.21:322][  0]SourceControl: Info 	Saved/Backup/BP_Inventory_2017-04-26-18-12-20.uasset
[2017.04.27-00.03.21:322][  0]SourceControl: Info 	Saved/Backup/BP_Inventory_2017-04-26-18-19-54.uasset
[2017.04.27-00.03.21:322][  0]SourceControl: Info 	Saved/Backup/BP_Inventory_2017-04-26-20-01-17.uasset
[2017.04.27-00.03.21:322][  0]SourceControl: Info 	Saved/Backup/BP_PickupActor_2017-04-26-18-51-06.uasset
[2017.04.27-00.03.21:322][  0]SourceControl: Info 	Saved/Backup/E_ItemCategories_2017-04-26-17-07-46.uasset
[2017.04.27-00.03.21:322][  0]SourceControl: Info 	Saved/Backup/FirstPersonHUD_2017-04-26-16-23-23.uasset
[2017.04.27-00.03.21:322][  0]SourceControl: Info 	Saved/Backup/FirstPersonHUD_2017-04-26-16-29-12.uasset
[2017.04.27-00.03.21:322][  0]SourceControl: Info 	Saved/Backup/InventoryButton_2017-04-26-16-55-16.uasset
[2017.04.27-00.03.21:322][  0]SourceControl: Info 	Saved/Backup/InventorySlot_2017-04-26-19-57-50.uasset
[2017.04.27-00.03.21:322][  0]SourceControl: Info 	Saved/Backup/InventorySlot_2017-04-26-20-04-13.uasset
[2017.04.27-00.03.21:322][  0]SourceControl: Info 	Saved/Backup/Item_HealthPotion_2017-04-26-20-59-30.uasset
[2017.04.27-00.03.21:322][  0]SourceControl: Info 	Saved/Backup/Item_Map_2017-04-26-17-19-43.uasset
[2017.04.27-00.03.21:322][  0]SourceControl: Info 	Saved/Backup/Item_Map_2017-04-26-20-59-40.uasset
[2017.04.27-00.03.21:322][  0]SourceControl: Info 	Saved/Backup/Item_Ring_2017-04-26-20-59-45.uasset
[2017.04.27-00.03.21:322][  0]SourceControl: Info 	Saved/Backup/MainCharacter_2017-04-26-18-24-25.uasset
[2017.04.27-00.03.21:322][  0]SourceControl: Info 	Saved/Backup/MainCharacter_2017-04-26-19-01-41.uasset
[2017.04.27-00.03.21:322][  0]SourceControl: Info 	Saved/Backup/MainCharacter_2017-04-26-20-04-13.uasset
[2017.04.27-00.03.21:322][  0]SourceControl: Info 	Saved/Backup/MainCharacter_2017-04-26-20-53-17.uasset
[2017.04.27-00.03.21:322][  0]SourceControl: Info 	Saved/Backup/MyPC_2017-04-26-16-25-06.uasset
[2017.04.27-00.03.21:322][  0]SourceControl: Info 	Saved/Backup/MyPC_2017-04-26-17-26-04.uasset
[2017.04.27-00.03.21:322][  0]SourceControl: Info 	Saved/Backup/NewMap_2017-04-26-18-51-57.umap
[2017.04.27-00.03.21:322][  0]SourceControl: Info 	Saved/Backup/NewMap_2017-04-26-19-02-53.umap
[2017.04.27-00.03.21:322][  0]SourceControl: Info 	Saved/Backup/NewMap_2017-04-26-20-04-13.umap
[2017.04.27-00.03.21:322][  0]SourceControl: Info 	Saved/Backup/NewMap_2017-04-26-20-53-03.umap
[2017.04.27-00.03.21:322][  0]SourceControl: Info 	Saved/Backup/S_InventorySlot_2017-04-26-17-23-26.uasset
[2017.04.27-00.03.21:322][  0]SourceControl: Info 	Saved/Backup/S_ItemInfo_2017-04-26-17-13-31.uasset
[2017.04.27-00.03.21:322][  0]SourceControl: Info 	Saved/Config/WorldState/3222581562.json
[2017.04.27-00.03.21:322][  0]SourceControl: Info 	Saved/Config/WorldState/4023702006.json
[2017.04.27-00.03.21:322][  0]SourceControl: Info 	Saved/Logs/TestMovement-backup-2017.04.26-16.21.33.log
[2017.04.27-00.03.21:322][  0]SourceControl: Info 	Saved/Logs/TestMovement-backup-2017.04.26-16.26.57.log
[2017.04.27-00.03.21:322][  0]SourceControl: Info 	Saved/Logs/TestMovement-backup-2017.04.26-17.09.00.log
[2017.04.27-00.03.21:322][  0]SourceControl: Info 	Saved/Logs/TestMovement-backup-2017.04.26-20.54.59.log
[2017.04.27-00.03.21:322][  0]SourceControl: Info 	Saved/Logs/Transfusion_0_2.log
[2017.04.27-00.03.21:322][  0]SourceControl: Info 	Saved/Logs/UE4CC-Windows-0020BE5F4A40FFDF93A1CF83C3BE2141/
[2017.04.27-00.03.21:322][  0]SourceControl: Info 	Saved/Logs/UE4CC-Windows-0020BE5F4A40FFDF93A1CF83C3BE2141_0000/
[2017.04.27-00.03.21:322][  0]SourceControl: Info 	Saved/Logs/UE4CC-Windows-0020BE5F4A40FFDF93A1CF83C3BE2141_0001/
[2017.04.27-00.03.21:322][  0]SourceControl: Info 	Saved/Logs/UE4CC-Windows-0038B04B484D1DB99907D19A3AD7AB18/
[2017.04.27-00.03.21:322][  0]SourceControl: Info 	Saved/Logs/UE4CC-Windows-1FCDFCE84D291DB8A6ACED9DC8D1E849/
[2017.04.27-00.03.21:322][  0]SourceControl: Info 	Saved/Logs/UE4CC-Windows-1FCDFCE84D291DB8A6ACED9DC8D1E849_0000/
[2017.04.27-00.03.21:322][  0]SourceControl: Info 	Saved/Logs/UE4CC-Windows-9D8781C941C9B0DF01036FBD69E0B91E/
[2017.04.27-00.03.21:322][  0]SourceControl: Info 	Saved/Logs/UE4CC-Windows-E833DC604784E39C04DFA1BE23BDEC3D/
[2017.04.27-00.03.21:322][  0]SourceControl: Info 	Saved/Logs/UE4CC-Windows-FDF2FB7B4E18D79BB6CEC4919BB33B25/
[2017.04.27-00.03.21:323][  0]LogContentStreaming: Texture pool size now 1000 MB
[2017.04.27-00.03.21:488][  0]LogRenderer: Reallocating scene render targets to support 876x460 NumSamples 1 (Frame:2).
[2017.04.27-00.03.21:536][  1]LogFileCache: Retrieving MD5 hashes for directory 'C:/Users/azthe/Documents/Unreal Projects/Transfusion_0_1/Content/' took 0.23s
[2017.04.27-00.03.21:542][  1]LogAssetRegistry: Asset discovery search completed in 8.7835 seconds
[2017.04.27-00.03.21:542][  1]LogCollectionManager: Rebuilt the object cache for 0 collections in 0.000001 seconds (found 0 objects)
[2017.04.27-00.03.21:542][  1]LogCollectionManager: Fixed up redirectors for 0 collections in 0.000014 seconds (updated 0 objects)
[2017.04.27-00.03.39:260][ 26]LogSavePackage: Save=5.14ms
[2017.04.27-00.03.39:260][ 26]LogSavePackage: Moving '../../../../../../Users/azthe/Documents/Unreal Projects/Transfusion_0_1/Saved/E_ItemCategories07ECE65A4280F67D2CDCA1BB88D6C6A7.tmp' to '../../../../../../Users/azthe/Documents/Unreal Projects/Transfusion_0_1/Content/Blueprints/InventorySystem/Blueprints/Enums/E_ItemCategories.uasset'
[2017.04.27-00.03.39:261][ 26]LogSavePackage:Display: Finished SavePackage ../../../../../../Users/azthe/Documents/Unreal Projects/Transfusion_0_1/Content/Blueprints/InventorySystem/Blueprints/Enums/E_ItemCategories.uasset
[2017.04.27-00.03.55:662][996]LogLinker:Warning: Can't find file '/Game/Blueprints/Inventory/Blueprints/IInventory'
[2017.04.27-00.03.55:662][996]LogLinker:Warning: Can't find file for asset '/Game/Blueprints/Inventory/Blueprints/IInventory' while loading ../../../../../../Users/azthe/Documents/Unreal Projects/Transfusion_0_1/Content/Blueprints/HUD/HUD.uasset.
[2017.04.27-00.03.55:662][996]LoadErrors:Error: Error /Game/Blueprints/HUD/HUD : Can't find file for asset. /Game/Blueprints/Inventory/Blueprints/IInventory
[2017.04.27-00.03.55:662][996]LogLinker:Warning: Can't find file '/Game/Blueprints/Inventory/Blueprints/Inventory'
[2017.04.27-00.03.55:662][996]LogLinker:Warning: Can't find file for asset '/Game/Blueprints/Inventory/Blueprints/Inventory' while loading ../../../../../../Users/azthe/Documents/Unreal Projects/Transfusion_0_1/Content/Blueprints/HUD/HUD.uasset.
[2017.04.27-00.03.55:663][996]LoadErrors:Error: Error /Game/Blueprints/HUD/HUD : Can't find file for asset. /Game/Blueprints/Inventory/Blueprints/Inventory
[2017.04.27-00.03.55:663][996]LogLinker:Warning: Can't find file '/Game/Blueprints/Inventory/Blueprints/Item'
[2017.04.27-00.03.55:663][996]LogLinker:Warning: Can't find file for asset '/Game/Blueprints/Inventory/Blueprints/Item' while loading ../../../../../../Users/azthe/Documents/Unreal Projects/Transfusion_0_1/Content/Blueprints/HUD/HUD.uasset.
[2017.04.27-00.03.55:663][996]LoadErrors:Error: Error /Game/Blueprints/HUD/HUD : Can't find file for asset. /Game/Blueprints/Inventory/Blueprints/Item
[2017.04.27-00.03.55:675][996]LogLinker:Warning: Can't find file '/Game/Blueprints/Inventory/Blueprints/IInventory'
[2017.04.27-00.03.55:676][996]LogLinker:Warning: Can't find file for asset '/Game/Blueprints/Inventory/Blueprints/IInventory' while loading ../../../../../../Users/azthe/Documents/Unreal Projects/Transfusion_0_1/Content/Blueprints/HUD/HUD.uasset.
[2017.04.27-00.03.55:676][996]LogLinker:Warning: Can't find file '/Game/Blueprints/Inventory/Blueprints/Inventory'
[2017.04.27-00.03.55:676][996]LogLinker:Warning: Can't find file for asset '/Game/Blueprints/Inventory/Blueprints/Inventory' while loading ../../../../../../Users/azthe/Documents/Unreal Projects/Transfusion_0_1/Content/Blueprints/HUD/HUD.uasset.
[2017.04.27-00.03.55:676][996]LogLinker:Warning: Can't find file '/Game/Blueprints/Inventory/Blueprints/Item'
[2017.04.27-00.03.55:676][996]LogLinker:Warning: Can't find file for asset '/Game/Blueprints/Inventory/Blueprints/Item' while loading ../../../../../../Users/azthe/Documents/Unreal Projects/Transfusion_0_1/Content/Blueprints/HUD/HUD.uasset.
[2017.04.27-00.03.55:679][996]LogLinker:Warning: Can't find file '/Game/Blueprints/Inventory/Blueprints/IInventory'
[2017.04.27-00.03.55:679][996]LogLinker:Warning: Can't find file for asset '/Game/Blueprints/Inventory/Blueprints/IInventory' while loading ../../../../../../Users/azthe/Documents/Unreal Projects/Transfusion_0_1/Content/Blueprints/MainCharacter.uasset.
[2017.04.27-00.03.55:679][996]LoadErrors:Error: Error /Game/Blueprints/MainCharacter : Can't find file for asset. /Game/Blueprints/Inventory/Blueprints/IInventory
[2017.04.27-00.03.55:679][996]LogLinker:Warning: Can't find file '/Game/Blueprints/Inventory/Blueprints/Inventory'
[2017.04.27-00.03.55:679][996]LogLinker:Warning: Can't find file for asset '/Game/Blueprints/Inventory/Blueprints/Inventory' while loading ../../../../../../Users/azthe/Documents/Unreal Projects/Transfusion_0_1/Content/Blueprints/MainCharacter.uasset.
[2017.04.27-00.03.55:679][996]LoadErrors:Error: Error /Game/Blueprints/MainCharacter : Can't find file for asset. /Game/Blueprints/Inventory/Blueprints/Inventory
[2017.04.27-00.03.55:679][996]LogLinker:Warning: Can't find file '/Game/Blueprints/Inventory/Blueprints/Item'
[2017.04.27-00.03.55:679][996]LogLinker:Warning: Can't find file for asset '/Game/Blueprints/Inventory/Blueprints/Item' while loading ../../../../../../Users/azthe/Documents/Unreal Projects/Transfusion_0_1/Content/Blueprints/MainCharacter.uasset.
[2017.04.27-00.03.55:679][996]LoadErrors:Error: Error /Game/Blueprints/MainCharacter : Can't find file for asset. /Game/Blueprints/Inventory/Blueprints/Item
[2017.04.27-00.03.55:679][996]LogLinker:Warning: Can't find file '/Game/Blueprints/Inventory/Blueprints/IInventory'
[2017.04.27-00.03.55:679][996]LogLinker:Warning: Can't find file for asset '/Game/Blueprints/Inventory/Blueprints/IInventory' while loading ../../../../../../Users/azthe/Documents/Unreal Projects/Transfusion_0_1/Content/Blueprints/MainCharacter.uasset.
[2017.04.27-00.03.55:679][996]LogLinker:Warning: Can't find file '/Game/Blueprints/Inventory/Blueprints/Inventory'
[2017.04.27-00.03.55:680][996]LogLinker:Warning: Can't find file for asset '/Game/Blueprints/Inventory/Blueprints/Inventory' while loading ../../../../../../Users/azthe/Documents/Unreal Projects/Transfusion_0_1/Content/Blueprints/MainCharacter.uasset.
[2017.04.27-00.03.55:680][996]LogLinker:Warning: Can't find file '/Game/Blueprints/Inventory/Blueprints/Item'
[2017.04.27-00.03.55:680][996]LogLinker:Warning: Can't find file for asset '/Game/Blueprints/Inventory/Blueprints/Item' while loading ../../../../../../Users/azthe/Documents/Unreal Projects/Transfusion_0_1/Content/Blueprints/MainCharacter.uasset.
[2017.04.27-00.03.55:695][996]LogLinker:Warning: Can't find file '/Game/Blueprints/Inventory/Blueprints/IInventory'
[2017.04.27-00.03.55:695][996]LogLinker:Warning: Can't find file for asset '/Game/Blueprints/Inventory/Blueprints/IInventory' while loading ../../../../../../Users/azthe/Documents/Unreal Projects/Transfusion_0_1/Content/Blueprints/MainCharacter.uasset.
[2017.04.27-00.03.55:695][996]LogLinker:Warning: Can't find file '/Game/Blueprints/Inventory/Blueprints/Inventory'
[2017.04.27-00.03.55:695][996]LogLinker:Warning: Can't find file for asset '/Game/Blueprints/Inventory/Blueprints/Inventory' while loading ../../../../../../Users/azthe/Documents/Unreal Projects/Transfusion_0_1/Content/Blueprints/MainCharacter.uasset.
[2017.04.27-00.03.55:695][996]LogLinker:Warning: Can't find file '/Game/Blueprints/Inventory/Blueprints/Item'
[2017.04.27-00.03.55:695][996]LogLinker:Warning: Can't find file for asset '/Game/Blueprints/Inventory/Blueprints/Item' while loading ../../../../../../Users/azthe/Documents/Unreal Projects/Transfusion_0_1/Content/Blueprints/MainCharacter.uasset.
[2017.04.27-00.03.55:696][996]LogLinker:Warning: Can't find file '/Game/Blueprints/Inventory/Blueprints/IInventory'
[2017.04.27-00.03.55:696][996]LoadErrors: Info Failed to load /Game/Blueprints/Inventory/Blueprints/IInventory.IInventory_C Referenced by HUD
[2017.04.27-00.03.55:696][996]LogLinker:Warning: Can't find file for asset '/Game/Blueprints/Inventory/Blueprints/IInventory' while loading ../../../../../../Users/azthe/Documents/Unreal Projects/Transfusion_0_1/Content/Blueprints/MainCharacter.uasset.
[2017.04.27-00.03.55:994][996]LogAIModule: Creating AISystem for world NewMap
[2017.04.27-00.03.56:023][996]Cmd: MAP LOAD FILE="../../../../../../Users/azthe/Documents/Unreal Projects/Transfusion_0_1/Content/Levels/NewMap.umap" TEMPLATE=0 SHOWPROGRESS=1 FEATURELEVEL=3
[2017.04.27-00.03.56:023][996]LightingResults: New page: Lighting Build
[2017.04.27-00.03.56:024][996]LoadErrors: New page: Loading map: NewMap.umap
[2017.04.27-00.03.56:024][996]MapCheck: New page: Map Check
[2017.04.27-00.03.56:024][996]LightingResults: New page: Lighting Build
[2017.04.27-00.03.56:040][996]LogEditorServer: Finished looking for orphan Actors (0.000 secs)
[2017.04.27-00.03.56:073][996]Cmd: MAP CHECKDEP NOCLEARLOG
[2017.04.27-00.03.56:116][996]MapCheck: Info Map check complete: 0 Error(s), 0 Warning(s), took 43.646ms to complete.
[2017.04.27-00.03.56:116][996]LogFileHelpers: Loading map 'NewMap' took 0.095
[2017.04.27-00.04.10:866][844]LogContentBrowser: Native class hierarchy updated for 'BlueprintGraph' in 0.0009 seconds. Added 111 classes and 0 folders.
[2017.04.27-00.04.28:645][821]SourceControl: Info fatal: C:/Program Files/Epic Games/UE_4.14/Engine/Content/: 'C:/Program Files/Epic Games/UE_4.14/Engine/Content/' is outside repository
[2017.04.27-00.04.28:759][821]LogPackageName:Error: Illegal call to DoesPackageExist: '../../../../../../Users/azthe/Documents/Unreal Projects/Transfusion_0_1/Transfusion_0_1.uproject' is not a standard unreal filename or a long path name. Reason: Path should be no less than 4 characters long.
[2017.04.27-00.04.28:829][821]LogStats: FPlatformStackWalk::StackWalkAndDump -  0.059 s
[2017.04.27-00.04.28:829][821]LogOutputDevice:Error: === Handled ensure: ===
[2017.04.27-00.04.28:829][821]LogOutputDevice:Error: 
[2017.04.27-00.04.28:829][821]LogOutputDevice:Error: Ensure condition failed: false [File:D:\Build\++UE4+Release-4.14+Compile\Sync\Engine\Source\Runtime\CoreUObject\Private\Misc\PackageName.cpp] [Line: 624]
[2017.04.27-00.04.28:829][821]LogOutputDevice:Error: Illegal call to DoesPackageExist: '../../../../../../Users/azthe/Documents/Unreal Projects/Transfusion_0_1/Transfusion_0_1.uproject' is not a standard unreal filename or a long path name. Reason: Path should be no less than 4 characters long.
[2017.04.27-00.04.28:829][821]LogOutputDevice:Error: Stack: 
[2017.04.27-00.04.28:829][821]LogOutputDevice:Error: UE4Editor-Core.dll
[2017.04.27-00.04.28:829][821]LogOutputDevice:Error: UE4Editor-Core.dll
[2017.04.27-00.04.28:829][821]LogOutputDevice:Error: UE4Editor-Core.dll
[2017.04.27-00.04.28:829][821]LogOutputDevice:Error: UE4Editor-CoreUObject.dll
[2017.04.27-00.04.28:829][821]LogOutputDevice:Error: UE4Editor-SourceControl.dll
[2017.04.27-00.04.28:829][821]LogOutputDevice:Error: UE4Editor-SourceControl.dll
[2017.04.27-00.04.28:829][821]LogOutputDevice:Error: UE4Editor-SourceControlWindows.dll
[2017.04.27-00.04.28:829][821]LogOutputDevice:Error: UE4Editor-SourceControlWindows.dll
[2017.04.27-00.04.28:829][821]LogOutputDevice:Error: UE4Editor-SourceControlWindows.dll
[2017.04.27-00.04.28:829][821]LogOutputDevice:Error: UE4Editor-SourceControlWindows.dll
[2017.04.27-00.04.28:829][821]LogOutputDevice:Error: UE4Editor-GitSourceControl.dll
[2017.04.27-00.04.28:829][821]LogOutputDevice:Error: UE4Editor-GitSourceControl.dll
[2017.04.27-00.04.28:829][821]LogOutputDevice:Error: UE4Editor-SourceControl.dll
[2017.04.27-00.04.28:829][821]LogOutputDevice:Error: UE4Editor-UnrealEd.dll
[2017.04.27-00.04.28:829][821]LogOutputDevice:Error: UE4Editor-UnrealEd.dll
[2017.04.27-00.04.28:829][821]LogOutputDevice:Error: UE4Editor.exe
[2017.04.27-00.04.28:829][821]LogOutputDevice:Error: UE4Editor.exe
[2017.04.27-00.04.28:830][821]LogOutputDevice:Error: UE4Editor.exe
[2017.04.27-00.04.28:830][821]LogOutputDevice:Error: UE4Editor.exe
[2017.04.27-00.04.28:830][821]LogOutputDevice:Error: UE4Editor.exe
[2017.04.27-00.04.28:830][821]LogOutputDevice:Error: KERNEL32.DLL
[2017.04.27-00.04.28:830][821]LogOutputDevice:Error: ntdll.dll
[2017.04.27-00.04.28:830][821]LogOutputDevice:Error: 
[2017.04.27-00.04.28:837][821]LogStats:                SubmitErrorReport -  0.000 s
